[debug] [2021-01-09T23:38:24.550Z] ----------------------------------------------------------------------
[debug] [2021-01-09T23:38:24.553Z] Command:       C:\Program Files\nodejs\node.exe C:\Users\brotu\AppData\Roaming\npm\node_modules\firebase-tools\lib\bin\firebase.js emulators:start
[debug] [2021-01-09T23:38:24.554Z] CLI Version:   9.1.0
[debug] [2021-01-09T23:38:24.554Z] Platform:      win32
[debug] [2021-01-09T23:38:24.554Z] Node Version:  v12.18.2
[debug] [2021-01-09T23:38:24.556Z] Time:          Sat Jan 09 2021 17:38:24 GMT-0600 (Central Standard Time)
[debug] [2021-01-09T23:38:24.556Z] ----------------------------------------------------------------------
[debug] [2021-01-09T23:38:24.557Z] 
[debug] [2021-01-09T23:38:24.572Z] > command requires scopes: ["email","openid","https://www.googleapis.com/auth/cloudplatformprojects.readonly","https://www.googleapis.com/auth/firebase","https://www.googleapis.com/auth/cloud-platform"]
[debug] [2021-01-09T23:38:24.573Z] > authorizing via signed-in user
[info] i  emulators: Starting emulators: functions, hosting {"metadata":{"emulator":{"name":"hub"},"message":"Starting emulators: functions, hosting"}}
[debug] [2021-01-09T23:38:26.620Z] [hub] writing locator at C:\Users\brotu\AppData\Local\Temp\hub-clone-42755.json
[warn] !  functions: The following emulators are not running, calls to these services from the Functions emulator will affect production: auth, firestore, database, pubsub {"metadata":{"emulator":{"name":"functions"},"message":"The following emulators are not running, calls to these services from the Functions emulator will affect production: \u001b[1mauth, firestore, database, pubsub\u001b[22m"}}
[info] +  functions: Using node@12 from host. {"metadata":{"emulator":{"name":"functions"},"message":"Using node@12 from host."}}
[debug] [2021-01-09T23:38:28.681Z] defaultcredentials: writing to file C:\Users\brotu\AppData\Roaming\firebase\broturn_gmail_com_application_default_credentials.json
[debug] [2021-01-09T23:38:28.686Z] Setting GAC to C:\Users\brotu\AppData\Roaming\firebase\broturn_gmail_com_application_default_credentials.json {"metadata":{"emulator":{"name":"functions"},"message":"Setting GAC to C:\\Users\\brotu\\AppData\\Roaming\\firebase\\broturn_gmail_com_application_default_credentials.json"}}
[debug] [2021-01-09T23:38:30.698Z] > refreshing access token with scopes: ["email","https://www.googleapis.com/auth/cloud-platform","https://www.googleapis.com/auth/cloudplatformprojects.readonly","https://www.googleapis.com/auth/firebase","openid"]
[debug] [2021-01-09T23:38:30.698Z] >>> HTTP REQUEST POST https://www.googleapis.com/oauth2/v3/token  
 <request body omitted>
[debug] [2021-01-09T23:38:31.293Z] <<< HTTP RESPONSE 200 {"expires":"Mon, 01 Jan 1990 00:00:00 GMT","pragma":"no-cache","date":"Sat, 09 Jan 2021 23:38:31 GMT","cache-control":"no-cache, no-store, max-age=0, must-revalidate","content-type":"application/json; charset=utf-8","vary":"X-Origin, Referer, Origin,Accept-Encoding","server":"scaffolding on HTTPServer2","x-xss-protection":"0","x-frame-options":"SAMEORIGIN","x-content-type-options":"nosniff","alt-svc":"h3-29=\":443\"; ma=2592000,h3-T051=\":443\"; ma=2592000,h3-Q050=\":443\"; ma=2592000,h3-Q046=\":443\"; ma=2592000,h3-Q043=\":443\"; ma=2592000,quic=\":443\"; ma=2592000; v=\"46,43\"","accept-ranges":"none","transfer-encoding":"chunked"}
[debug] [2021-01-09T23:38:31.301Z] >>> HTTP REQUEST GET https://firebase.googleapis.com/v1beta1/projects/clone-42755/webApps/-/config  
 
[debug] [2021-01-09T23:38:31.813Z] <<< HTTP RESPONSE 200 {"content-type":"application/json; charset=UTF-8","vary":"X-Origin, Referer, Origin,Accept-Encoding","date":"Sat, 09 Jan 2021 23:38:31 GMT","server":"ESF","cache-control":"private","x-xss-protection":"0","x-frame-options":"SAMEORIGIN","x-content-type-options":"nosniff","alt-svc":"h3-29=\":443\"; ma=2592000,h3-T051=\":443\"; ma=2592000,h3-Q050=\":443\"; ma=2592000,h3-Q046=\":443\"; ma=2592000,h3-Q043=\":443\"; ma=2592000,quic=\":443\"; ma=2592000; v=\"46,43\"","accept-ranges":"none","transfer-encoding":"chunked"}
[info] i  hosting: Serving hosting files from: build {"metadata":{"emulator":{"name":"hosting"},"message":"Serving hosting files from: \u001b[1mbuild\u001b[22m"}}
[info] +  hosting: Local server: http://localhost:5000 {"metadata":{"emulator":{"name":"hosting"},"message":"Local server: \u001b[4m\u001b[1mhttp://localhost:5000\u001b[22m\u001b[24m"}}
[debug] [2021-01-09T23:38:35.866Z] Ignoring unsupported arg: auto_download {"metadata":{"emulator":{"name":"ui"},"message":"Ignoring unsupported arg: auto_download"}}
[debug] [2021-01-09T23:38:35.866Z] Ignoring unsupported arg: port {"metadata":{"emulator":{"name":"ui"},"message":"Ignoring unsupported arg: port"}}
[debug] [2021-01-09T23:38:35.867Z] Starting Emulator UI with command {"binary":"node","args":["C:\\Users\\brotu\\.cache\\firebase\\emulators\\ui-v1.4.1\\server.bundle.js"],"optionalArgs":[],"joinArgs":false} {"metadata":{"emulator":{"name":"ui"},"message":"Starting Emulator UI with command {\"binary\":\"node\",\"args\":[\"C:\\\\Users\\\\brotu\\\\.cache\\\\firebase\\\\emulators\\\\ui-v1.4.1\\\\server.bundle.js\"],\"optionalArgs\":[],\"joinArgs\":false}"}}
[info] i  ui: Emulator UI logging to ui-debug.log {"metadata":{"emulator":{"name":"ui"},"message":"Emulator UI logging to \u001b[1mui-debug.log\u001b[22m"}}
[debug] [2021-01-09T23:38:36.013Z] Web / API server started at http://localhost:4000
 {"metadata":{"emulator":{"name":"ui"},"message":"Web / API server started at http://localhost:4000\n"}}
[info] i  functions: Watching "C:\Users\brotu\Desktop\amazon clone\functions" for Cloud Functions... {"metadata":{"emulator":{"name":"functions"},"message":"Watching \"C:\\Users\\brotu\\Desktop\\amazon clone\\functions\" for Cloud Functions..."}}
[debug] [2021-01-09T23:38:36.407Z] [worker-pool] addWorker(~diagnostic~) {"metadata":{"emulator":{"name":"functions"},"message":"[worker-pool] addWorker(~diagnostic~)"}}
[debug] [2021-01-09T23:38:36.408Z] [worker-pool] Adding worker with key ~diagnostic~, total=1 {"metadata":{"emulator":{"name":"functions"},"message":"[worker-pool] Adding worker with key ~diagnostic~, total=1"}}
[debug] [2021-01-09T23:38:36.408Z] [worker-pool] submitWork(triggerId=) {"metadata":{"emulator":{"name":"functions"},"message":"[worker-pool] submitWork(triggerId=)"}}
[debug] [2021-01-09T23:38:36.408Z] [worker-~diagnostic~-474042b5-cee8-49a3-bc91-423473a6d4ea]: Assigning socketPath: \\?\pipe\C:\Users\brotu\Desktop\amazon clone\functions\32204 {"metadata":{"emulator":{"name":"functions"},"message":"[worker-~diagnostic~-474042b5-cee8-49a3-bc91-423473a6d4ea]: Assigning socketPath: \\\\?\\pipe\\C:\\Users\\brotu\\Desktop\\amazon clone\\functions\\32204"}}
[debug] [2021-01-09T23:38:36.408Z] [worker-~diagnostic~-474042b5-cee8-49a3-bc91-423473a6d4ea]: BUSY {"metadata":{"emulator":{"name":"functions"},"message":"[worker-~diagnostic~-474042b5-cee8-49a3-bc91-423473a6d4ea]: BUSY"}}
[debug] [2021-01-09T23:38:36.655Z] [runtime-status] [32204] Functions runtime initialized. {"cwd":"C:\\Users\\brotu\\Desktop\\amazon clone\\functions","node_version":"12.18.2"} {"metadata":{"emulator":{"name":"functions"},"message":"[runtime-status] [32204] Functions runtime initialized. {\"cwd\":\"C:\\\\Users\\\\brotu\\\\Desktop\\\\amazon clone\\\\functions\",\"node_version\":\"12.18.2\"}"}}
[debug] [2021-01-09T23:38:36.655Z] [runtime-status] [32204] Disabled runtime features: undefined {"metadata":{"emulator":{"name":"functions"},"message":"[runtime-status] [32204] Disabled runtime features: undefined"}}
[debug] [2021-01-09T23:38:36.659Z] [runtime-status] [32204] Resolved module firebase-admin {"declared":true,"installed":true,"version":"9.4.2","resolution":"C:\\Users\\brotu\\Desktop\\amazon clone\\functions\\node_modules\\firebase-admin\\lib\\index.js"} {"metadata":{"emulator":{"name":"functions"},"message":"[runtime-status] [32204] Resolved module firebase-admin {\"declared\":true,\"installed\":true,\"version\":\"9.4.2\",\"resolution\":\"C:\\\\Users\\\\brotu\\\\Desktop\\\\amazon clone\\\\functions\\\\node_modules\\\\firebase-admin\\\\lib\\\\index.js\"}"}}
[debug] [2021-01-09T23:38:36.661Z] [runtime-status] [32204] Resolved module firebase-functions {"declared":true,"installed":true,"version":"3.13.0","resolution":"C:\\Users\\brotu\\Desktop\\amazon clone\\functions\\node_modules\\firebase-functions\\lib\\index.js"} {"metadata":{"emulator":{"name":"functions"},"message":"[runtime-status] [32204] Resolved module firebase-functions {\"declared\":true,\"installed\":true,\"version\":\"3.13.0\",\"resolution\":\"C:\\\\Users\\\\brotu\\\\Desktop\\\\amazon clone\\\\functions\\\\node_modules\\\\firebase-functions\\\\lib\\\\index.js\"}"}}
[debug] [2021-01-09T23:38:36.662Z] [runtime-status] [32204] Resolved module firebase-functions {"declared":true,"installed":true,"version":"3.13.0","resolution":"C:\\Users\\brotu\\Desktop\\amazon clone\\functions\\node_modules\\firebase-functions\\lib\\index.js"} {"metadata":{"emulator":{"name":"functions"},"message":"[runtime-status] [32204] Resolved module firebase-functions {\"declared\":true,\"installed\":true,\"version\":\"3.13.0\",\"resolution\":\"C:\\\\Users\\\\brotu\\\\Desktop\\\\amazon clone\\\\functions\\\\node_modules\\\\firebase-functions\\\\lib\\\\index.js\"}"}}
[debug] [2021-01-09T23:38:36.664Z] [runtime-status] [32204] Outgoing network have been stubbed. [{"name":"http","status":"mocked"},{"name":"http","status":"mocked"},{"name":"https","status":"mocked"},{"name":"https","status":"mocked"},{"name":"net","status":"mocked"}] {"metadata":{"emulator":{"name":"functions"},"message":"[runtime-status] [32204] Outgoing network have been stubbed. [{\"name\":\"http\",\"status\":\"mocked\"},{\"name\":\"http\",\"status\":\"mocked\"},{\"name\":\"https\",\"status\":\"mocked\"},{\"name\":\"https\",\"status\":\"mocked\"},{\"name\":\"net\",\"status\":\"mocked\"}]"}}
[debug] [2021-01-09T23:38:36.665Z] [runtime-status] [32204] Resolved module firebase-functions {"declared":true,"installed":true,"version":"3.13.0","resolution":"C:\\Users\\brotu\\Desktop\\amazon clone\\functions\\node_modules\\firebase-functions\\lib\\index.js"} {"metadata":{"emulator":{"name":"functions"},"message":"[runtime-status] [32204] Resolved module firebase-functions {\"declared\":true,\"installed\":true,\"version\":\"3.13.0\",\"resolution\":\"C:\\\\Users\\\\brotu\\\\Desktop\\\\amazon clone\\\\functions\\\\node_modules\\\\firebase-functions\\\\lib\\\\index.js\"}"}}
[debug] [2021-01-09T23:38:36.725Z] [runtime-status] [32204] Checked functions.config() {"config":{}} {"metadata":{"emulator":{"name":"functions"},"message":"[runtime-status] [32204] Checked functions.config() {\"config\":{}}"}}
[debug] [2021-01-09T23:38:36.725Z] [runtime-status] [32204] firebase-functions has been stubbed. {"functionsResolution":{"declared":true,"installed":true,"version":"3.13.0","resolution":"C:\\Users\\brotu\\Desktop\\amazon clone\\functions\\node_modules\\firebase-functions\\lib\\index.js"}} {"metadata":{"emulator":{"name":"functions"},"message":"[runtime-status] [32204] firebase-functions has been stubbed. {\"functionsResolution\":{\"declared\":true,\"installed\":true,\"version\":\"3.13.0\",\"resolution\":\"C:\\\\Users\\\\brotu\\\\Desktop\\\\amazon clone\\\\functions\\\\node_modules\\\\firebase-functions\\\\lib\\\\index.js\"}}"}}
[debug] [2021-01-09T23:38:36.725Z] [runtime-status] [32204] Resolved module firebase-functions {"declared":true,"installed":true,"version":"3.13.0","resolution":"C:\\Users\\brotu\\Desktop\\amazon clone\\functions\\node_modules\\firebase-functions\\lib\\index.js"} {"metadata":{"emulator":{"name":"functions"},"message":"[runtime-status] [32204] Resolved module firebase-functions {\"declared\":true,\"installed\":true,\"version\":\"3.13.0\",\"resolution\":\"C:\\\\Users\\\\brotu\\\\Desktop\\\\amazon clone\\\\functions\\\\node_modules\\\\firebase-functions\\\\lib\\\\index.js\"}"}}
[debug] [2021-01-09T23:38:36.727Z] [runtime-status] [32204] Resolved module firebase-admin {"declared":true,"installed":true,"version":"9.4.2","resolution":"C:\\Users\\brotu\\Desktop\\amazon clone\\functions\\node_modules\\firebase-admin\\lib\\index.js"} {"metadata":{"emulator":{"name":"functions"},"message":"[runtime-status] [32204] Resolved module firebase-admin {\"declared\":true,\"installed\":true,\"version\":\"9.4.2\",\"resolution\":\"C:\\\\Users\\\\brotu\\\\Desktop\\\\amazon clone\\\\functions\\\\node_modules\\\\firebase-admin\\\\lib\\\\index.js\"}"}}
[debug] [2021-01-09T23:38:36.727Z] [runtime-status] [32204] Resolved module firebase-functions {"declared":true,"installed":true,"version":"3.13.0","resolution":"C:\\Users\\brotu\\Desktop\\amazon clone\\functions\\node_modules\\firebase-functions\\lib\\index.js"} {"metadata":{"emulator":{"name":"functions"},"message":"[runtime-status] [32204] Resolved module firebase-functions {\"declared\":true,\"installed\":true,\"version\":\"3.13.0\",\"resolution\":\"C:\\\\Users\\\\brotu\\\\Desktop\\\\amazon clone\\\\functions\\\\node_modules\\\\firebase-functions\\\\lib\\\\index.js\"}"}}
[debug] [2021-01-09T23:38:36.727Z] [runtime-status] [32204] firebase-admin has been stubbed. {"adminResolution":{"declared":true,"installed":true,"version":"9.4.2","resolution":"C:\\Users\\brotu\\Desktop\\amazon clone\\functions\\node_modules\\firebase-admin\\lib\\index.js"}} {"metadata":{"emulator":{"name":"functions"},"message":"[runtime-status] [32204] firebase-admin has been stubbed. {\"adminResolution\":{\"declared\":true,\"installed\":true,\"version\":\"9.4.2\",\"resolution\":\"C:\\\\Users\\\\brotu\\\\Desktop\\\\amazon clone\\\\functions\\\\node_modules\\\\firebase-admin\\\\lib\\\\index.js\"}}"}}
[info] +  functions[api]: http function initialized (http://localhost:5001/clone-42755/us-central1/api). {"metadata":{"emulator":{"name":"functions"},"message":"\u001b[1mhttp\u001b[22m function initialized (http://localhost:5001/clone-42755/us-central1/api)."}}
[info] 
┌─────────────────────────────────────────────────────────────┐
│ ✔  All emulators ready! It is now safe to connect your app. │
│ i  View Emulator UI at http://localhost:4000                │
└─────────────────────────────────────────────────────────────┘

┌───────────┬────────────────┬─────────────────────────────────┐
│ Emulator  │ Host:Port      │ View in Emulator UI             │
├───────────┼────────────────┼─────────────────────────────────┤
│ Functions │ localhost:5001 │ http://localhost:4000/functions │
├───────────┼────────────────┼─────────────────────────────────┤
│ Hosting   │ localhost:5000 │ n/a                             │
└───────────┴────────────────┴─────────────────────────────────┘
  Emulator Hub running at localhost:4400
  Other reserved ports: 4500

Issues? Report them at https://github.com/firebase/firebase-tools/issues and attach the *-debug.log files.
 
[debug] [2021-01-09T23:38:37.054Z] [worker-~diagnostic~-474042b5-cee8-49a3-bc91-423473a6d4ea]: IDLE {"metadata":{"emulator":{"name":"functions"},"message":"[worker-~diagnostic~-474042b5-cee8-49a3-bc91-423473a6d4ea]: IDLE"}}
[info] i  hosting: 127.0.0.1 - - [09/Jan/2021:23:38:48 +0000] "GET / HTTP/1.1" 200 3032 "-" "Mozilla/5.0 (Windows NT 10.0; Win64; x64) AppleWebKit/537.36 (KHTML, like Gecko) Chrome/87.0.4280.88 Safari/537.36" {"metadata":{"emulator":{"name":"hosting"},"message":"127.0.0.1 - - [09/Jan/2021:23:38:48 +0000] \"GET / HTTP/1.1\" 200 3032 \"-\" \"Mozilla/5.0 (Windows NT 10.0; Win64; x64) AppleWebKit/537.36 (KHTML, like Gecko) Chrome/87.0.4280.88 Safari/537.36\""}}
[info] i  hosting: 127.0.0.1 - - [09/Jan/2021:23:38:48 +0000] "GET /static/css/main.7908c4ad.chunk.css HTTP/1.1" 200 3983 "http://localhost:5000/" "Mozilla/5.0 (Windows NT 10.0; Win64; x64) AppleWebKit/537.36 (KHTML, like Gecko) Chrome/87.0.4280.88 Safari/537.36" {"metadata":{"emulator":{"name":"hosting"},"message":"127.0.0.1 - - [09/Jan/2021:23:38:48 +0000] \"GET /static/css/main.7908c4ad.chunk.css HTTP/1.1\" 200 3983 \"http://localhost:5000/\" \"Mozilla/5.0 (Windows NT 10.0; Win64; x64) AppleWebKit/537.36 (KHTML, like Gecko) Chrome/87.0.4280.88 Safari/537.36\""}}
[info] i  hosting: 127.0.0.1 - - [09/Jan/2021:23:38:48 +0000] "GET /static/js/main.465dbc87.chunk.js HTTP/1.1" 200 43073 "http://localhost:5000/" "Mozilla/5.0 (Windows NT 10.0; Win64; x64) AppleWebKit/537.36 (KHTML, like Gecko) Chrome/87.0.4280.88 Safari/537.36" {"metadata":{"emulator":{"name":"hosting"},"message":"127.0.0.1 - - [09/Jan/2021:23:38:48 +0000] \"GET /static/js/main.465dbc87.chunk.js HTTP/1.1\" 200 43073 \"http://localhost:5000/\" \"Mozilla/5.0 (Windows NT 10.0; Win64; x64) AppleWebKit/537.36 (KHTML, like Gecko) Chrome/87.0.4280.88 Safari/537.36\""}}
[info] i  hosting: 127.0.0.1 - - [09/Jan/2021:23:38:48 +0000] "GET /static/js/2.33610551.chunk.js HTTP/1.1" 200 1064199 "http://localhost:5000/" "Mozilla/5.0 (Windows NT 10.0; Win64; x64) AppleWebKit/537.36 (KHTML, like Gecko) Chrome/87.0.4280.88 Safari/537.36" {"metadata":{"emulator":{"name":"hosting"},"message":"127.0.0.1 - - [09/Jan/2021:23:38:48 +0000] \"GET /static/js/2.33610551.chunk.js HTTP/1.1\" 200 1064199 \"http://localhost:5000/\" \"Mozilla/5.0 (Windows NT 10.0; Win64; x64) AppleWebKit/537.36 (KHTML, like Gecko) Chrome/87.0.4280.88 Safari/537.36\""}}
[info] i  hosting: 127.0.0.1 - - [09/Jan/2021:23:38:49 +0000] "GET /favicon.ico HTTP/1.1" 200 3870 "http://localhost:5000/" "Mozilla/5.0 (Windows NT 10.0; Win64; x64) AppleWebKit/537.36 (KHTML, like Gecko) Chrome/87.0.4280.88 Safari/537.36" {"metadata":{"emulator":{"name":"hosting"},"message":"127.0.0.1 - - [09/Jan/2021:23:38:49 +0000] \"GET /favicon.ico HTTP/1.1\" 200 3870 \"http://localhost:5000/\" \"Mozilla/5.0 (Windows NT 10.0; Win64; x64) AppleWebKit/537.36 (KHTML, like Gecko) Chrome/87.0.4280.88 Safari/537.36\""}}
[info] i  hosting: 127.0.0.1 - - [09/Jan/2021:23:38:49 +0000] "GET /manifest.json HTTP/1.1" 200 492 "http://localhost:5000/" "Mozilla/5.0 (Windows NT 10.0; Win64; x64) AppleWebKit/537.36 (KHTML, like Gecko) Chrome/87.0.4280.88 Safari/537.36" {"metadata":{"emulator":{"name":"hosting"},"message":"127.0.0.1 - - [09/Jan/2021:23:38:49 +0000] \"GET /manifest.json HTTP/1.1\" 200 492 \"http://localhost:5000/\" \"Mozilla/5.0 (Windows NT 10.0; Win64; x64) AppleWebKit/537.36 (KHTML, like Gecko) Chrome/87.0.4280.88 Safari/537.36\""}}
[info] i  hosting: 127.0.0.1 - - [09/Jan/2021:23:38:49 +0000] "GET /logo192.png HTTP/1.1" 200 5347 "http://localhost:5000/" "Mozilla/5.0 (Windows NT 10.0; Win64; x64) AppleWebKit/537.36 (KHTML, like Gecko) Chrome/87.0.4280.88 Safari/537.36" {"metadata":{"emulator":{"name":"hosting"},"message":"127.0.0.1 - - [09/Jan/2021:23:38:49 +0000] \"GET /logo192.png HTTP/1.1\" 200 5347 \"http://localhost:5000/\" \"Mozilla/5.0 (Windows NT 10.0; Win64; x64) AppleWebKit/537.36 (KHTML, like Gecko) Chrome/87.0.4280.88 Safari/537.36\""}}
[debug] [2021-01-09T23:49:14.494Z] [work-queue] {"queueLength":1,"workRunningCount":0}
[debug] [2021-01-09T23:49:14.495Z] [work-queue] {"queueLength":0,"workRunningCount":1}
[debug] [2021-01-09T23:49:14.496Z] Accepted request POST /clone-42755/us-central1/api/payments/create?total=165692 --> api
[debug] [2021-01-09T23:49:14.503Z] [worker-pool] addWorker(api) {"metadata":{"emulator":{"name":"functions"},"message":"[worker-pool] addWorker(api)"}}
[debug] [2021-01-09T23:49:14.504Z] [worker-pool] Adding worker with key api, total=1 {"metadata":{"emulator":{"name":"functions"},"message":"[worker-pool] Adding worker with key api, total=1"}}
[debug] [2021-01-09T23:49:14.504Z] [worker-pool] submitWork(triggerId=api) {"metadata":{"emulator":{"name":"functions"},"message":"[worker-pool] submitWork(triggerId=api)"}}
[debug] [2021-01-09T23:49:14.504Z] [worker-api-829b2286-4cee-4b4b-8f44-b0ce38693642]: Assigning socketPath: \\?\pipe\C:\Users\brotu\Desktop\amazon clone\functions\19488 {"metadata":{"emulator":{"name":"functions"},"message":"[worker-api-829b2286-4cee-4b4b-8f44-b0ce38693642]: Assigning socketPath: \\\\?\\pipe\\C:\\Users\\brotu\\Desktop\\amazon clone\\functions\\19488"}}
[debug] [2021-01-09T23:49:14.504Z] [worker-api-829b2286-4cee-4b4b-8f44-b0ce38693642]: BUSY {"metadata":{"emulator":{"name":"functions"},"message":"[worker-api-829b2286-4cee-4b4b-8f44-b0ce38693642]: BUSY"}}
[debug] [2021-01-09T23:49:14.905Z] [runtime-status] [19488] Functions runtime initialized. {"cwd":"C:\\Users\\brotu\\Desktop\\amazon clone\\functions","node_version":"12.18.2"} {"metadata":{"emulator":{"name":"functions"},"function":{"name":"api"},"message":"[runtime-status] [19488] Functions runtime initialized. {\"cwd\":\"C:\\\\Users\\\\brotu\\\\Desktop\\\\amazon clone\\\\functions\",\"node_version\":\"12.18.2\"}"}}
[debug] [2021-01-09T23:49:14.907Z] [runtime-status] [19488] Disabled runtime features: undefined {"metadata":{"emulator":{"name":"functions"},"function":{"name":"api"},"message":"[runtime-status] [19488] Disabled runtime features: undefined"}}
[debug] [2021-01-09T23:49:14.912Z] [runtime-status] [19488] Resolved module firebase-admin {"declared":true,"installed":true,"version":"9.4.2","resolution":"C:\\Users\\brotu\\Desktop\\amazon clone\\functions\\node_modules\\firebase-admin\\lib\\index.js"} {"metadata":{"emulator":{"name":"functions"},"function":{"name":"api"},"message":"[runtime-status] [19488] Resolved module firebase-admin {\"declared\":true,\"installed\":true,\"version\":\"9.4.2\",\"resolution\":\"C:\\\\Users\\\\brotu\\\\Desktop\\\\amazon clone\\\\functions\\\\node_modules\\\\firebase-admin\\\\lib\\\\index.js\"}"}}
[debug] [2021-01-09T23:49:14.915Z] [runtime-status] [19488] Resolved module firebase-functions {"declared":true,"installed":true,"version":"3.13.0","resolution":"C:\\Users\\brotu\\Desktop\\amazon clone\\functions\\node_modules\\firebase-functions\\lib\\index.js"} {"metadata":{"emulator":{"name":"functions"},"function":{"name":"api"},"message":"[runtime-status] [19488] Resolved module firebase-functions {\"declared\":true,\"installed\":true,\"version\":\"3.13.0\",\"resolution\":\"C:\\\\Users\\\\brotu\\\\Desktop\\\\amazon clone\\\\functions\\\\node_modules\\\\firebase-functions\\\\lib\\\\index.js\"}"}}
[debug] [2021-01-09T23:49:14.917Z] [runtime-status] [19488] Resolved module firebase-functions {"declared":true,"installed":true,"version":"3.13.0","resolution":"C:\\Users\\brotu\\Desktop\\amazon clone\\functions\\node_modules\\firebase-functions\\lib\\index.js"} {"metadata":{"emulator":{"name":"functions"},"function":{"name":"api"},"message":"[runtime-status] [19488] Resolved module firebase-functions {\"declared\":true,\"installed\":true,\"version\":\"3.13.0\",\"resolution\":\"C:\\\\Users\\\\brotu\\\\Desktop\\\\amazon clone\\\\functions\\\\node_modules\\\\firebase-functions\\\\lib\\\\index.js\"}"}}
[debug] [2021-01-09T23:49:14.920Z] [runtime-status] [19488] Outgoing network have been stubbed. [{"name":"http","status":"mocked"},{"name":"http","status":"mocked"},{"name":"https","status":"mocked"},{"name":"https","status":"mocked"},{"name":"net","status":"mocked"}] {"metadata":{"emulator":{"name":"functions"},"function":{"name":"api"},"message":"[runtime-status] [19488] Outgoing network have been stubbed. [{\"name\":\"http\",\"status\":\"mocked\"},{\"name\":\"http\",\"status\":\"mocked\"},{\"name\":\"https\",\"status\":\"mocked\"},{\"name\":\"https\",\"status\":\"mocked\"},{\"name\":\"net\",\"status\":\"mocked\"}]"}}
[debug] [2021-01-09T23:49:14.921Z] [runtime-status] [19488] Resolved module firebase-functions {"declared":true,"installed":true,"version":"3.13.0","resolution":"C:\\Users\\brotu\\Desktop\\amazon clone\\functions\\node_modules\\firebase-functions\\lib\\index.js"} {"metadata":{"emulator":{"name":"functions"},"function":{"name":"api"},"message":"[runtime-status] [19488] Resolved module firebase-functions {\"declared\":true,\"installed\":true,\"version\":\"3.13.0\",\"resolution\":\"C:\\\\Users\\\\brotu\\\\Desktop\\\\amazon clone\\\\functions\\\\node_modules\\\\firebase-functions\\\\lib\\\\index.js\"}"}}
[debug] [2021-01-09T23:49:15.015Z] [runtime-status] [19488] Checked functions.config() {"config":{}} {"metadata":{"emulator":{"name":"functions"},"function":{"name":"api"},"message":"[runtime-status] [19488] Checked functions.config() {\"config\":{}}"}}
[debug] [2021-01-09T23:49:15.015Z] [runtime-status] [19488] firebase-functions has been stubbed. {"functionsResolution":{"declared":true,"installed":true,"version":"3.13.0","resolution":"C:\\Users\\brotu\\Desktop\\amazon clone\\functions\\node_modules\\firebase-functions\\lib\\index.js"}} {"metadata":{"emulator":{"name":"functions"},"function":{"name":"api"},"message":"[runtime-status] [19488] firebase-functions has been stubbed. {\"functionsResolution\":{\"declared\":true,\"installed\":true,\"version\":\"3.13.0\",\"resolution\":\"C:\\\\Users\\\\brotu\\\\Desktop\\\\amazon clone\\\\functions\\\\node_modules\\\\firebase-functions\\\\lib\\\\index.js\"}}"}}
[debug] [2021-01-09T23:49:15.016Z] [runtime-status] [19488] Resolved module firebase-functions {"declared":true,"installed":true,"version":"3.13.0","resolution":"C:\\Users\\brotu\\Desktop\\amazon clone\\functions\\node_modules\\firebase-functions\\lib\\index.js"} {"metadata":{"emulator":{"name":"functions"},"function":{"name":"api"},"message":"[runtime-status] [19488] Resolved module firebase-functions {\"declared\":true,\"installed\":true,\"version\":\"3.13.0\",\"resolution\":\"C:\\\\Users\\\\brotu\\\\Desktop\\\\amazon clone\\\\functions\\\\node_modules\\\\firebase-functions\\\\lib\\\\index.js\"}"}}
[debug] [2021-01-09T23:49:15.018Z] [runtime-status] [19488] Resolved module firebase-admin {"declared":true,"installed":true,"version":"9.4.2","resolution":"C:\\Users\\brotu\\Desktop\\amazon clone\\functions\\node_modules\\firebase-admin\\lib\\index.js"} {"metadata":{"emulator":{"name":"functions"},"function":{"name":"api"},"message":"[runtime-status] [19488] Resolved module firebase-admin {\"declared\":true,\"installed\":true,\"version\":\"9.4.2\",\"resolution\":\"C:\\\\Users\\\\brotu\\\\Desktop\\\\amazon clone\\\\functions\\\\node_modules\\\\firebase-admin\\\\lib\\\\index.js\"}"}}
[debug] [2021-01-09T23:49:15.019Z] [runtime-status] [19488] Resolved module firebase-functions {"declared":true,"installed":true,"version":"3.13.0","resolution":"C:\\Users\\brotu\\Desktop\\amazon clone\\functions\\node_modules\\firebase-functions\\lib\\index.js"} {"metadata":{"emulator":{"name":"functions"},"function":{"name":"api"},"message":"[runtime-status] [19488] Resolved module firebase-functions {\"declared\":true,\"installed\":true,\"version\":\"3.13.0\",\"resolution\":\"C:\\\\Users\\\\brotu\\\\Desktop\\\\amazon clone\\\\functions\\\\node_modules\\\\firebase-functions\\\\lib\\\\index.js\"}"}}
[debug] [2021-01-09T23:49:15.019Z] [runtime-status] [19488] firebase-admin has been stubbed. {"adminResolution":{"declared":true,"installed":true,"version":"9.4.2","resolution":"C:\\Users\\brotu\\Desktop\\amazon clone\\functions\\node_modules\\firebase-admin\\lib\\index.js"}} {"metadata":{"emulator":{"name":"functions"},"function":{"name":"api"},"message":"[runtime-status] [19488] firebase-admin has been stubbed. {\"adminResolution\":{\"declared\":true,\"installed\":true,\"version\":\"9.4.2\",\"resolution\":\"C:\\\\Users\\\\brotu\\\\Desktop\\\\amazon clone\\\\functions\\\\node_modules\\\\firebase-admin\\\\lib\\\\index.js\"}}"}}
[debug] [2021-01-09T23:49:15.285Z] [runtime-status] [19488] Trigger "api" has been found, beginning invocation! {"metadata":{"emulator":{"name":"functions"},"function":{"name":"api"},"message":"[runtime-status] [19488] Trigger \"api\" has been found, beginning invocation!"}}
[info] i  functions: Beginning execution of "api" {"metadata":{"emulator":{"name":"functions"},"function":{"name":"api"},"message":"Beginning execution of \"api\""}}
[debug] [2021-01-09T23:49:15.287Z] [runtime-status] [19488] triggerDefinition {"httpsTrigger":{},"name":"api","entryPoint":"api"} {"metadata":{"emulator":{"name":"functions"},"function":{"name":"api"},"message":"[runtime-status] [19488] triggerDefinition {\"httpsTrigger\":{},\"name\":\"api\",\"entryPoint\":\"api\"}"}}
[debug] [2021-01-09T23:49:15.287Z] [runtime-status] [19488] Running api in mode HTTPS {"metadata":{"emulator":{"name":"functions"},"function":{"name":"api"},"message":"[runtime-status] [19488] Running api in mode HTTPS"}}
[debug] [2021-01-09T23:49:15.292Z] [runtime-status] [19488] Attempting to listen to socketPath: \\?\pipe\C:\Users\brotu\Desktop\amazon clone\functions\19488 {"metadata":{"emulator":{"name":"functions"},"function":{"name":"api"},"message":"[runtime-status] [19488] Attempting to listen to socketPath: \\\\?\\pipe\\C:\\Users\\brotu\\Desktop\\amazon clone\\functions\\19488"}}
[debug] [2021-01-09T23:49:15.298Z] [functions] Runtime ready! Sending request! {"metadata":{"emulator":{"name":"functions"},"message":"[functions] Runtime ready! Sending request!"}}
[debug] [2021-01-09T23:49:15.310Z] [runtime-status] [19488] Ephemeral server handling POST request {"metadata":{"emulator":{"name":"functions"},"function":{"name":"api"},"message":"[runtime-status] [19488] Ephemeral server handling POST request"}}
[info] >  Payment Request Recieved >>> 165692 {"user":"Payment Request Recieved >>> 165692","metadata":{"emulator":{"name":"functions"},"function":{"name":"api"},"message":"\u001b[90m> \u001b[39m Payment Request Recieved >>> 165692"}}
[debug] [2021-01-09T23:49:15.365Z] [runtime-status] [19488] Ephemeral server survived. {"metadata":{"emulator":{"name":"functions"},"function":{"name":"api"},"message":"[runtime-status] [19488] Ephemeral server survived."}}
[info] i  functions: Finished "api" in ~1s {"metadata":{"emulator":{"name":"functions"},"function":{"name":"api"},"message":"Finished \"api\" in ~1s"}}
[debug] [2021-01-09T23:49:16.197Z] [worker-api-829b2286-4cee-4b4b-8f44-b0ce38693642]: IDLE {"metadata":{"emulator":{"name":"functions"},"message":"[worker-api-829b2286-4cee-4b4b-8f44-b0ce38693642]: IDLE"}}
[debug] [2021-01-09T23:49:16.197Z] [work-queue] {"queueLength":0,"workRunningCount":0}
[debug] [2021-01-09T23:49:23.926Z] [work-queue] {"queueLength":1,"workRunningCount":0}
[debug] [2021-01-09T23:49:23.927Z] [work-queue] {"queueLength":0,"workRunningCount":1}
[debug] [2021-01-09T23:49:23.927Z] Accepted request POST /clone-42755/us-central1/api/payments/create?total=162693 --> api
[debug] [2021-01-09T23:49:23.927Z] [worker-pool] submitWork(triggerId=api) {"metadata":{"emulator":{"name":"functions"},"message":"[worker-pool] submitWork(triggerId=api)"}}
[debug] [2021-01-09T23:49:23.928Z] [worker-api-829b2286-4cee-4b4b-8f44-b0ce38693642]: Assigning socketPath: \\?\pipe\C:\Users\brotu\Desktop\amazon clone\functions\19488 {"metadata":{"emulator":{"name":"functions"},"message":"[worker-api-829b2286-4cee-4b4b-8f44-b0ce38693642]: Assigning socketPath: \\\\?\\pipe\\C:\\Users\\brotu\\Desktop\\amazon clone\\functions\\19488"}}
[debug] [2021-01-09T23:49:23.928Z] [worker-api-829b2286-4cee-4b4b-8f44-b0ce38693642]: BUSY {"metadata":{"emulator":{"name":"functions"},"message":"[worker-api-829b2286-4cee-4b4b-8f44-b0ce38693642]: BUSY"}}
[debug] [2021-01-09T23:49:23.930Z] [runtime-status] [19488] Trigger "api" has been found, beginning invocation! {"metadata":{"emulator":{"name":"functions"},"function":{"name":"api"},"message":"[runtime-status] [19488] Trigger \"api\" has been found, beginning invocation!"}}
[info] i  functions: Beginning execution of "api" {"metadata":{"emulator":{"name":"functions"},"function":{"name":"api"},"message":"Beginning execution of \"api\""}}
[debug] [2021-01-09T23:49:23.934Z] [runtime-status] [19488] triggerDefinition {"httpsTrigger":{},"name":"api","entryPoint":"api"} {"metadata":{"emulator":{"name":"functions"},"function":{"name":"api"},"message":"[runtime-status] [19488] triggerDefinition {\"httpsTrigger\":{},\"name\":\"api\",\"entryPoint\":\"api\"}"}}
[debug] [2021-01-09T23:49:23.934Z] [runtime-status] [19488] Running api in mode HTTPS {"metadata":{"emulator":{"name":"functions"},"function":{"name":"api"},"message":"[runtime-status] [19488] Running api in mode HTTPS"}}
[debug] [2021-01-09T23:49:23.935Z] [runtime-status] [19488] Attempting to listen to socketPath: \\?\pipe\C:\Users\brotu\Desktop\amazon clone\functions\19488 {"metadata":{"emulator":{"name":"functions"},"function":{"name":"api"},"message":"[runtime-status] [19488] Attempting to listen to socketPath: \\\\?\\pipe\\C:\\Users\\brotu\\Desktop\\amazon clone\\functions\\19488"}}
[debug] [2021-01-09T23:49:23.936Z] [functions] Runtime ready! Sending request! {"metadata":{"emulator":{"name":"functions"},"message":"[functions] Runtime ready! Sending request!"}}
[debug] [2021-01-09T23:49:23.942Z] [runtime-status] [19488] Ephemeral server handling POST request {"metadata":{"emulator":{"name":"functions"},"function":{"name":"api"},"message":"[runtime-status] [19488] Ephemeral server handling POST request"}}
[info] >  Payment Request Recieved >>> 162693 {"user":"Payment Request Recieved >>> 162693","metadata":{"emulator":{"name":"functions"},"function":{"name":"api"},"message":"\u001b[90m> \u001b[39m Payment Request Recieved >>> 162693"}}
[debug] [2021-01-09T23:49:23.945Z] [runtime-status] [19488] Ephemeral server survived. {"metadata":{"emulator":{"name":"functions"},"function":{"name":"api"},"message":"[runtime-status] [19488] Ephemeral server survived."}}
[info] i  functions: Finished "api" in ~1s {"metadata":{"emulator":{"name":"functions"},"function":{"name":"api"},"message":"Finished \"api\" in ~1s"}}
[debug] [2021-01-09T23:49:24.268Z] [worker-api-829b2286-4cee-4b4b-8f44-b0ce38693642]: IDLE {"metadata":{"emulator":{"name":"functions"},"message":"[worker-api-829b2286-4cee-4b4b-8f44-b0ce38693642]: IDLE"}}
[debug] [2021-01-09T23:49:24.268Z] [work-queue] {"queueLength":0,"workRunningCount":0}
[debug] [2021-01-09T23:50:08.674Z] [work-queue] {"queueLength":1,"workRunningCount":0}
[debug] [2021-01-09T23:50:08.675Z] [work-queue] {"queueLength":0,"workRunningCount":1}
[debug] [2021-01-09T23:50:08.676Z] Accepted request POST /clone-42755/us-central1/api/payments/create?total=0 --> api
[debug] [2021-01-09T23:50:08.676Z] [worker-pool] submitWork(triggerId=api) {"metadata":{"emulator":{"name":"functions"},"message":"[worker-pool] submitWork(triggerId=api)"}}
[debug] [2021-01-09T23:50:08.677Z] [worker-api-829b2286-4cee-4b4b-8f44-b0ce38693642]: Assigning socketPath: \\?\pipe\C:\Users\brotu\Desktop\amazon clone\functions\19488 {"metadata":{"emulator":{"name":"functions"},"message":"[worker-api-829b2286-4cee-4b4b-8f44-b0ce38693642]: Assigning socketPath: \\\\?\\pipe\\C:\\Users\\brotu\\Desktop\\amazon clone\\functions\\19488"}}
[debug] [2021-01-09T23:50:08.677Z] [worker-api-829b2286-4cee-4b4b-8f44-b0ce38693642]: BUSY {"metadata":{"emulator":{"name":"functions"},"message":"[worker-api-829b2286-4cee-4b4b-8f44-b0ce38693642]: BUSY"}}
[debug] [2021-01-09T23:50:08.679Z] [runtime-status] [19488] Trigger "api" has been found, beginning invocation! {"metadata":{"emulator":{"name":"functions"},"function":{"name":"api"},"message":"[runtime-status] [19488] Trigger \"api\" has been found, beginning invocation!"}}
[info] i  functions: Beginning execution of "api" {"metadata":{"emulator":{"name":"functions"},"function":{"name":"api"},"message":"Beginning execution of \"api\""}}
[debug] [2021-01-09T23:50:08.681Z] [runtime-status] [19488] triggerDefinition {"httpsTrigger":{},"name":"api","entryPoint":"api"} {"metadata":{"emulator":{"name":"functions"},"function":{"name":"api"},"message":"[runtime-status] [19488] triggerDefinition {\"httpsTrigger\":{},\"name\":\"api\",\"entryPoint\":\"api\"}"}}
[debug] [2021-01-09T23:50:08.682Z] [runtime-status] [19488] Running api in mode HTTPS {"metadata":{"emulator":{"name":"functions"},"function":{"name":"api"},"message":"[runtime-status] [19488] Running api in mode HTTPS"}}
[debug] [2021-01-09T23:50:08.683Z] [runtime-status] [19488] Attempting to listen to socketPath: \\?\pipe\C:\Users\brotu\Desktop\amazon clone\functions\19488 {"metadata":{"emulator":{"name":"functions"},"function":{"name":"api"},"message":"[runtime-status] [19488] Attempting to listen to socketPath: \\\\?\\pipe\\C:\\Users\\brotu\\Desktop\\amazon clone\\functions\\19488"}}
[debug] [2021-01-09T23:50:08.686Z] [functions] Runtime ready! Sending request! {"metadata":{"emulator":{"name":"functions"},"message":"[functions] Runtime ready! Sending request!"}}
[debug] [2021-01-09T23:50:08.695Z] [runtime-status] [19488] Ephemeral server handling POST request {"metadata":{"emulator":{"name":"functions"},"function":{"name":"api"},"message":"[runtime-status] [19488] Ephemeral server handling POST request"}}
[info] >  Payment Request Recieved >>> 0 {"user":"Payment Request Recieved >>> 0","metadata":{"emulator":{"name":"functions"},"function":{"name":"api"},"message":"\u001b[90m> \u001b[39m Payment Request Recieved >>> 0"}}
[debug] [2021-01-09T23:50:08.699Z] [runtime-status] [19488] Ephemeral server survived. {"metadata":{"emulator":{"name":"functions"},"function":{"name":"api"},"message":"[runtime-status] [19488] Ephemeral server survived."}}
[info] >  (node:19488) UnhandledPromiseRejectionWarning: Error: This value must be greater than or equal to 1. {"user":"(node:19488) UnhandledPromiseRejectionWarning: Error: This value must be greater than or equal to 1.","metadata":{"emulator":{"name":"functions"},"function":{"name":"api"},"message":"\u001b[90m> \u001b[39m (node:19488) UnhandledPromiseRejectionWarning: Error: This value must be greater than or equal to 1."}}
[info] >      at Function.generate (C:\Users\brotu\Desktop\amazon clone\functions\node_modules\stripe\lib\Error.js:40:16) {"user":"    at Function.generate (C:\\Users\\brotu\\Desktop\\amazon clone\\functions\\node_modules\\stripe\\lib\\Error.js:40:16)","metadata":{"emulator":{"name":"functions"},"function":{"name":"api"},"message":"\u001b[90m> \u001b[39m     at Function.generate (C:\\Users\\brotu\\Desktop\\amazon clone\\functions\\node_modules\\stripe\\lib\\Error.js:40:16)"}}
[info] >      at IncomingMessage.<anonymous> (C:\Users\brotu\Desktop\amazon clone\functions\node_modules\stripe\lib\StripeResource.js:190:33) {"user":"    at IncomingMessage.<anonymous> (C:\\Users\\brotu\\Desktop\\amazon clone\\functions\\node_modules\\stripe\\lib\\StripeResource.js:190:33)","metadata":{"emulator":{"name":"functions"},"function":{"name":"api"},"message":"\u001b[90m> \u001b[39m     at IncomingMessage.<anonymous> (C:\\Users\\brotu\\Desktop\\amazon clone\\functions\\node_modules\\stripe\\lib\\StripeResource.js:190:33)"}}
[info] >      at Object.onceWrapper (events.js:421:28) {"user":"    at Object.onceWrapper (events.js:421:28)","metadata":{"emulator":{"name":"functions"},"function":{"name":"api"},"message":"\u001b[90m> \u001b[39m     at Object.onceWrapper (events.js:421:28)"}}
[info] >      at IncomingMessage.emit (events.js:327:22) {"user":"    at IncomingMessage.emit (events.js:327:22)","metadata":{"emulator":{"name":"functions"},"function":{"name":"api"},"message":"\u001b[90m> \u001b[39m     at IncomingMessage.emit (events.js:327:22)"}}
[info] >      at endReadableNT (_stream_readable.js:1221:12) {"user":"    at endReadableNT (_stream_readable.js:1221:12)","metadata":{"emulator":{"name":"functions"},"function":{"name":"api"},"message":"\u001b[90m> \u001b[39m     at endReadableNT (_stream_readable.js:1221:12)"}}
[info] >      at processTicksAndRejections (internal/process/task_queues.js:84:21) {"user":"    at processTicksAndRejections (internal/process/task_queues.js:84:21)","metadata":{"emulator":{"name":"functions"},"function":{"name":"api"},"message":"\u001b[90m> \u001b[39m     at processTicksAndRejections (internal/process/task_queues.js:84:21)"}}
[info] >  (node:19488) UnhandledPromiseRejectionWarning: Unhandled promise rejection. This error originated either by throwing inside of an async function without a catch block, or by rejecting a promise which was not handled with .catch(). To terminate the node process on unhandled promise rejection, use the CLI flag `--unhandled-rejections=strict` (see https://nodejs.org/api/cli.html#cli_unhandled_rejections_mode). (rejection id: 1) {"user":"(node:19488) UnhandledPromiseRejectionWarning: Unhandled promise rejection. This error originated either by throwing inside of an async function without a catch block, or by rejecting a promise which was not handled with .catch(). To terminate the node process on unhandled promise rejection, use the CLI flag `--unhandled-rejections=strict` (see https://nodejs.org/api/cli.html#cli_unhandled_rejections_mode). (rejection id: 1)","metadata":{"emulator":{"name":"functions"},"function":{"name":"api"},"message":"\u001b[90m> \u001b[39m (node:19488) UnhandledPromiseRejectionWarning: Unhandled promise rejection. This error originated either by throwing inside of an async function without a catch block, or by rejecting a promise which was not handled with .catch(). To terminate the node process on unhandled promise rejection, use the CLI flag `--unhandled-rejections=strict` (see https://nodejs.org/api/cli.html#cli_unhandled_rejections_mode). (rejection id: 1)"}}
[info] >  (node:19488) [DEP0018] DeprecationWarning: Unhandled promise rejections are deprecated. In the future, promise rejections that are not handled will terminate the Node.js process with a non-zero exit code. {"user":"(node:19488) [DEP0018] DeprecationWarning: Unhandled promise rejections are deprecated. In the future, promise rejections that are not handled will terminate the Node.js process with a non-zero exit code.","metadata":{"emulator":{"name":"functions"},"function":{"name":"api"},"message":"\u001b[90m> \u001b[39m (node:19488) [DEP0018] DeprecationWarning: Unhandled promise rejections are deprecated. In the future, promise rejections that are not handled will terminate the Node.js process with a non-zero exit code."}}
[warn] !  functions: Your function timed out after ~60s. To configure this timeout, see
      https://firebase.google.com/docs/functions/manage-functions#set_timeout_and_memory_allocation. {"metadata":{"emulator":{"name":"functions"},"function":{"name":"api"},"message":"Your function timed out after ~60s. To configure this timeout, see\n      https://firebase.google.com/docs/functions/manage-functions#set_timeout_and_memory_allocation."}}
[info] >  C:\Users\brotu\AppData\Roaming\npm\node_modules\firebase-tools\lib\emulator\functionsEmulatorRuntime.js:638 {"user":"C:\\Users\\brotu\\AppData\\Roaming\\npm\\node_modules\\firebase-tools\\lib\\emulator\\functionsEmulatorRuntime.js:638\r","metadata":{"emulator":{"name":"functions"},"function":{"name":"api"},"message":"\u001b[90m> \u001b[39m C:\\Users\\brotu\\AppData\\Roaming\\npm\\node_modules\\firebase-tools\\lib\\emulator\\functionsEmulatorRuntime.js:638\r"}}
[info] >              throw new Error("Function timed out."); {"user":"            throw new Error(\"Function timed out.\");\r","metadata":{"emulator":{"name":"functions"},"function":{"name":"api"},"message":"\u001b[90m> \u001b[39m             throw new Error(\"Function timed out.\");\r"}}
[info] >              ^ {"user":"            ^\r","metadata":{"emulator":{"name":"functions"},"function":{"name":"api"},"message":"\u001b[90m> \u001b[39m             ^\r"}}
[info] >   {"user":"\r","metadata":{"emulator":{"name":"functions"},"function":{"name":"api"},"message":"\u001b[90m> \u001b[39m \r"}}
[info] >  Error: Function timed out. {"user":"Error: Function timed out.\r","metadata":{"emulator":{"name":"functions"},"function":{"name":"api"},"message":"\u001b[90m> \u001b[39m Error: Function timed out.\r"}}
[info] >      at Timeout._onTimeout (C:\Users\brotu\AppData\Roaming\npm\node_modules\firebase-tools\lib\emulator\functionsEmulatorRuntime.js:638:19) {"user":"    at Timeout._onTimeout (C:\\Users\\brotu\\AppData\\Roaming\\npm\\node_modules\\firebase-tools\\lib\\emulator\\functionsEmulatorRuntime.js:638:19)\r","metadata":{"emulator":{"name":"functions"},"function":{"name":"api"},"message":"\u001b[90m> \u001b[39m     at Timeout._onTimeout (C:\\Users\\brotu\\AppData\\Roaming\\npm\\node_modules\\firebase-tools\\lib\\emulator\\functionsEmulatorRuntime.js:638:19)\r"}}
[info] >      at listOnTimeout (internal/timers.js:549:17) {"user":"    at listOnTimeout (internal/timers.js:549:17)\r","metadata":{"emulator":{"name":"functions"},"function":{"name":"api"},"message":"\u001b[90m> \u001b[39m     at listOnTimeout (internal/timers.js:549:17)\r"}}
[info] >      at processTimers (internal/timers.js:492:7) {"user":"    at processTimers (internal/timers.js:492:7)\r","metadata":{"emulator":{"name":"functions"},"function":{"name":"api"},"message":"\u001b[90m> \u001b[39m     at processTimers (internal/timers.js:492:7)\r"}}
[debug] [2021-01-09T23:51:08.702Z] [worker-api-829b2286-4cee-4b4b-8f44-b0ce38693642]: exited {"metadata":{"emulator":{"name":"functions"},"message":"[worker-api-829b2286-4cee-4b4b-8f44-b0ce38693642]: exited"}}
[debug] [2021-01-09T23:51:08.703Z] [worker-api-829b2286-4cee-4b4b-8f44-b0ce38693642]: FINISHED {"metadata":{"emulator":{"name":"functions"},"message":"[worker-api-829b2286-4cee-4b4b-8f44-b0ce38693642]: FINISHED"}}
[debug] [2021-01-09T23:51:08.703Z] [work-queue] {"queueLength":0,"workRunningCount":0}
